03/12/2019 04:59:47 PM [正常]楽天書籍情報収集処理を開始します。
03/12/2019 04:59:47 PM Starting new HTTPS connection (1): app.rakuten.co.jp:443
03/12/2019 04:59:48 PM https://app.rakuten.co.jp:443 "GET /services/api/BooksBook/Search/20170404?applicationId=1070374734242724400&format=json&title=%E3%83%87%E3%82%A3%E3%83%BC%E3%83%97%E3%83%A9%E3%83%BC%E3%83%8B%E3%83%B3%E3%82%B0 HTTP/1.1" 200 9357
03/12/2019 04:59:48 PM Starting new HTTPS connection (1): app.rakuten.co.jp:443
03/12/2019 04:59:48 PM https://app.rakuten.co.jp:443 "GET /services/api/BooksBook/Search/20170404?applicationId=1070374734242724400&format=json&title=django HTTP/1.1" 200 1315
03/12/2019 04:59:48 PM Starting new HTTPS connection (1): notify-api.line.me:443
03/12/2019 04:59:48 PM https://notify-api.line.me:443 "POST /api/notify HTTP/1.1" 200 None
03/12/2019 04:59:48 PM Starting new HTTPS connection (1): notify-api.line.me:443
03/12/2019 04:59:48 PM https://notify-api.line.me:443 "POST /api/notify HTTP/1.1" 200 None
03/12/2019 04:59:48 PM Starting new HTTPS connection (1): notify-api.line.me:443
03/12/2019 04:59:49 PM https://notify-api.line.me:443 "POST /api/notify HTTP/1.1" 200 None
03/12/2019 04:59:49 PM Starting new HTTPS connection (1): notify-api.line.me:443
03/12/2019 04:59:49 PM https://notify-api.line.me:443 "POST /api/notify HTTP/1.1" 200 None
03/12/2019 04:59:49 PM Starting new HTTPS connection (1): notify-api.line.me:443
03/12/2019 04:59:49 PM https://notify-api.line.me:443 "POST /api/notify HTTP/1.1" 200 None
03/12/2019 04:59:49 PM Starting new HTTPS connection (1): notify-api.line.me:443
03/12/2019 04:59:49 PM https://notify-api.line.me:443 "POST /api/notify HTTP/1.1" 200 None
03/12/2019 04:59:49 PM Starting new HTTPS connection (1): app.rakuten.co.jp:443
03/12/2019 04:59:49 PM https://app.rakuten.co.jp:443 "GET /services/api/BooksBook/Search/20170404?applicationId=1070374734242724400&format=json&title=keras HTTP/1.1" 200 2917
03/12/2019 04:59:49 PM Starting new HTTPS connection (1): notify-api.line.me:443
03/12/2019 04:59:49 PM https://notify-api.line.me:443 "POST /api/notify HTTP/1.1" 200 None
03/12/2019 04:59:49 PM Starting new HTTPS connection (1): notify-api.line.me:443
03/12/2019 04:59:49 PM https://notify-api.line.me:443 "POST /api/notify HTTP/1.1" 200 None
03/12/2019 04:59:49 PM Starting new HTTPS connection (1): notify-api.line.me:443
03/12/2019 04:59:49 PM https://notify-api.line.me:443 "POST /api/notify HTTP/1.1" 200 None
03/12/2019 04:59:49 PM [正常]楽天書籍情報収集処理が正常終了しました。
